<?xml version="1.0" encoding="UTF-8"?>
<!-- Generated by org.testng.reporters.JUnitReportReporter -->
<testsuite skipped="0" hostname="Admin" name="com.md.testcases.MDLoginTest" tests="3" failures="0" timestamp="2021-07-11T16:00:08 IST" time="34.673" errors="0">
  <testcase name="VerifyLogo" time="7.299" classname="com.md.testcases.MDLoginTest"/>
  <system-out/>
  <testcase name="verifyLogin" time="16.729" classname="com.md.testcases.MDLoginTest"/>
  <system-out/>
  <testcase name="VerifyTitle" time="10.645" classname="com.md.testcases.MDLoginTest"/>
  <system-out/>
</testsuite> <!-- com.md.testcases.MDLoginTest -->
